<?xml version="1.0" encoding="UTF-8"?>
<coverage generated="1558876257530" clover="3.2.0">
  <project timestamp="1558876257531" name="All files">
    <metrics statements="34" coveredstatements="4" conditionals="6" coveredconditionals="0" methods="15" coveredmethods="3" elements="55" coveredelements="7" complexity="0" loc="34" ncloc="34" packages="2" files="4" classes="4"/>
    <package name="reaktor-algolia">
      <metrics statements="2" coveredstatements="2" conditionals="0" coveredconditionals="0" methods="1" coveredmethods="1"/>
      <file name="sum.js" path="/Users/steven.rowney/dev/reaktor/reaktor-algolia/sum.js">
        <metrics statements="2" coveredstatements="2" conditionals="0" coveredconditionals="0" methods="1" coveredmethods="1"/>
        <line num="1" count="1" type="stmt"/>
        <line num="2" count="1" type="stmt"/>
      </file>
    </package>
    <package name="reaktor-algolia.server.no-meteor.util">
      <metrics statements="32" coveredstatements="2" conditionals="6" coveredconditionals="0" methods="14" coveredmethods="2"/>
      <file name="getAlgoliaIndex.js" path="/Users/steven.rowney/dev/reaktor/reaktor-algolia/server/no-meteor/util/getAlgoliaIndex.js">
        <metrics statements="3" coveredstatements="0" conditionals="0" coveredconditionals="0" methods="1" coveredmethods="0"/>
        <line num="9" count="0" type="stmt"/>
        <line num="10" count="0" type="stmt"/>
        <line num="12" count="0" type="stmt"/>
      </file>
      <file name="getAlgoliaSettings.js" path="/Users/steven.rowney/dev/reaktor/reaktor-algolia/server/no-meteor/util/getAlgoliaSettings.js">
        <metrics statements="4" coveredstatements="1" conditionals="2" coveredconditionals="0" methods="1" coveredmethods="1"/>
        <line num="6" count="1" type="stmt"/>
        <line num="7" count="0" type="stmt"/>
        <line num="9" count="0" type="cond" truecount="0" falsecount="2"/>
        <line num="11" count="0" type="stmt"/>
      </file>
      <file name="updateAlgoliaProduct.js" path="/Users/steven.rowney/dev/reaktor/reaktor-algolia/server/no-meteor/util/updateAlgoliaProduct.js">
        <metrics statements="25" coveredstatements="1" conditionals="4" coveredconditionals="0" methods="12" coveredmethods="1"/>
        <line num="12" count="1" type="stmt"/>
        <line num="13" count="0" type="stmt"/>
        <line num="15" count="0" type="stmt"/>
        <line num="16" count="0" type="stmt"/>
        <line num="18" count="0" type="stmt"/>
        <line num="19" count="0" type="stmt"/>
        <line num="20" count="0" type="cond" truecount="0" falsecount="2"/>
        <line num="21" count="0" type="stmt"/>
        <line num="25" count="0" type="stmt"/>
        <line num="30" count="0" type="stmt"/>
        <line num="31" count="0" type="stmt"/>
        <line num="38" count="0" type="stmt"/>
        <line num="39" count="0" type="stmt"/>
        <line num="53" count="0" type="stmt"/>
        <line num="54" count="0" type="stmt"/>
        <line num="58" count="0" type="stmt"/>
        <line num="61" count="0" type="stmt"/>
        <line num="65" count="0" type="stmt"/>
        <line num="71" count="0" type="stmt"/>
        <line num="74" count="0" type="stmt"/>
        <line num="81" count="0" type="stmt"/>
        <line num="82" count="0" type="stmt"/>
        <line num="83" count="0" type="cond" truecount="0" falsecount="2"/>
        <line num="84" count="0" type="stmt"/>
        <line num="86" count="0" type="stmt"/>
      </file>
    </package>
  </project>
</coverage>
