{"/Users/steven.rowney/dev/reaktor/reaktor-algolia/sum.js": {"path":"/Users/steven.rowney/dev/reaktor/reaktor-algolia/sum.js","statementMap":{"0":{"start":{"line":1,"column":12},"end":{"line":3,"column":1}},"1":{"start":{"line":2,"column":4},"end":{"line":2,"column":17}}},"fnMap":{"0":{"name":"(anonymous_0)","decl":{"start":{"line":1,"column":12},"end":{"line":1,"column":13}},"loc":{"start":{"line":1,"column":22},"end":{"line":3,"column":1}},"line":1}},"branchMap":{},"s":{"0":1,"1":1},"f":{"0":1},"b":{},"_coverageSchema":"43e27e138ebf9cfc5966b082cf9a028302ed4184","hash":"991a6508edf0f891314581ff5549da48106735a6"}
,"/Users/steven.rowney/dev/reaktor/reaktor-algolia/server/no-meteor/util/getAlgoliaIndex.js": {"path":"/Users/steven.rowney/dev/reaktor/reaktor-algolia/server/no-meteor/util/getAlgoliaIndex.js","statementMap":{"0":{"start":{"line":9,"column":24},"end":{"line":9,"column":48}},"1":{"start":{"line":10,"column":24},"end":{"line":10,"column":71}},"2":{"start":{"line":12,"column":2},"end":{"line":12,"column":51}}},"fnMap":{"0":{"name":"getAlgoliaIndex","decl":{"start":{"line":8,"column":24},"end":{"line":8,"column":39}},"loc":{"start":{"line":8,"column":92},"end":{"line":13,"column":1}},"line":8}},"branchMap":{},"s":{"0":0,"1":0,"2":0},"f":{"0":0},"b":{},"_coverageSchema":"43e27e138ebf9cfc5966b082cf9a028302ed4184","hash":"3ea255120cddacc293116ad394dc2d30076244d4"}
,"/Users/steven.rowney/dev/reaktor/reaktor-algolia/server/no-meteor/util/getAlgoliaSettings.js": {"path":"/Users/steven.rowney/dev/reaktor/reaktor-algolia/server/no-meteor/util/getAlgoliaSettings.js","statementMap":{"0":{"start":{"line":6,"column":36},"end":{"line":6,"column":43}},"1":{"start":{"line":7,"column":25},"end":{"line":7,"column":74}},"2":{"start":{"line":9,"column":2},"end":{"line":9,"column":85}},"3":{"start":{"line":9,"column":23},"end":{"line":9,"column":85}},"4":{"start":{"line":11,"column":2},"end":{"line":11,"column":52}}},"fnMap":{"0":{"name":"getAlgoliaSettings","decl":{"start":{"line":5,"column":30},"end":{"line":5,"column":48}},"loc":{"start":{"line":5,"column":58},"end":{"line":12,"column":1}},"line":5}},"branchMap":{"0":{"loc":{"start":{"line":9,"column":2},"end":{"line":9,"column":85}},"type":"if","locations":[{"start":{"line":9,"column":2},"end":{"line":9,"column":85}},{"start":{"line":9,"column":2},"end":{"line":9,"column":85}}],"line":9}},"s":{"0":1,"1":0,"2":0,"3":0,"4":0},"f":{"0":1},"b":{"0":[0,0]},"_coverageSchema":"43e27e138ebf9cfc5966b082cf9a028302ed4184","hash":"f73b4bce40f42b51e156bfdc778004531062ebd3"}
,"/Users/steven.rowney/dev/reaktor/reaktor-algolia/server/no-meteor/util/updateAlgoliaProduct.js": {"path":"/Users/steven.rowney/dev/reaktor/reaktor-algolia/server/no-meteor/util/updateAlgoliaProduct.js","statementMap":{"0":{"start":{"line":12,"column":46},"end":{"line":12,"column":79}},"1":{"start":{"line":13,"column":16},"end":{"line":13,"column":66}},"2":{"start":{"line":15,"column":23},"end":{"line":15,"column":34}},"3":{"start":{"line":16,"column":23},"end":{"line":16,"column":28}},"4":{"start":{"line":18,"column":18},"end":{"line":28,"column":3}},"5":{"start":{"line":19,"column":4},"end":{"line":23,"column":8}},"6":{"start":{"line":20,"column":6},"end":{"line":22,"column":7}},"7":{"start":{"line":21,"column":8},"end":{"line":21,"column":54}},"8":{"start":{"line":25,"column":4},"end":{"line":27,"column":5}},"9":{"start":{"line":30,"column":18},"end":{"line":36,"column":3}},"10":{"start":{"line":31,"column":4},"end":{"line":35,"column":6}},"11":{"start":{"line":38,"column":19},"end":{"line":51,"column":3}},"12":{"start":{"line":39,"column":4},"end":{"line":50,"column":5}},"13":{"start":{"line":53,"column":20},"end":{"line":63,"column":3}},"14":{"start":{"line":54,"column":4},"end":{"line":62,"column":5}},"15":{"start":{"line":58,"column":40},"end":{"line":58,"column":54}},"16":{"start":{"line":61,"column":44},"end":{"line":61,"column":60}},"17":{"start":{"line":65,"column":24},"end":{"line":79,"column":3}},"18":{"start":{"line":71,"column":53},"end":{"line":71,"column":71}},"19":{"start":{"line":74,"column":45},"end":{"line":74,"column":59}},"20":{"start":{"line":81,"column":18},"end":{"line":89,"column":3}},"21":{"start":{"line":82,"column":4},"end":{"line":88,"column":7}},"22":{"start":{"line":83,"column":6},"end":{"line":87,"column":7}},"23":{"start":{"line":84,"column":8},"end":{"line":84,"column":84}},"24":{"start":{"line":86,"column":8},"end":{"line":86,"column":69}}},"fnMap":{"0":{"name":"updateAlgoliaProduct","decl":{"start":{"line":11,"column":30},"end":{"line":11,"column":50}},"loc":{"start":{"line":11,"column":76},"end":{"line":90,"column":1}},"line":11},"1":{"name":"(anonymous_1)","decl":{"start":{"line":18,"column":18},"end":{"line":18,"column":19}},"loc":{"start":{"line":18,"column":29},"end":{"line":28,"column":3}},"line":18},"2":{"name":"(anonymous_2)","decl":{"start":{"line":19,"column":37},"end":{"line":19,"column":38}},"loc":{"start":{"line":19,"column":45},"end":{"line":23,"column":5}},"line":19},"3":{"name":"(anonymous_3)","decl":{"start":{"line":30,"column":18},"end":{"line":30,"column":19}},"loc":{"start":{"line":30,"column":31},"end":{"line":36,"column":3}},"line":30},"4":{"name":"(anonymous_4)","decl":{"start":{"line":38,"column":19},"end":{"line":38,"column":20}},"loc":{"start":{"line":38,"column":31},"end":{"line":51,"column":3}},"line":38},"5":{"name":"(anonymous_5)","decl":{"start":{"line":53,"column":20},"end":{"line":53,"column":21}},"loc":{"start":{"line":53,"column":33},"end":{"line":63,"column":3}},"line":53},"6":{"name":"(anonymous_6)","decl":{"start":{"line":58,"column":31},"end":{"line":58,"column":32}},"loc":{"start":{"line":58,"column":40},"end":{"line":58,"column":54}},"line":58},"7":{"name":"(anonymous_7)","decl":{"start":{"line":61,"column":34},"end":{"line":61,"column":35}},"loc":{"start":{"line":61,"column":44},"end":{"line":61,"column":60}},"line":61},"8":{"name":"(anonymous_8)","decl":{"start":{"line":71,"column":42},"end":{"line":71,"column":43}},"loc":{"start":{"line":71,"column":53},"end":{"line":71,"column":71}},"line":71},"9":{"name":"(anonymous_9)","decl":{"start":{"line":74,"column":36},"end":{"line":74,"column":37}},"loc":{"start":{"line":74,"column":45},"end":{"line":74,"column":59}},"line":74},"10":{"name":"(anonymous_10)","decl":{"start":{"line":81,"column":18},"end":{"line":81,"column":19}},"loc":{"start":{"line":81,"column":24},"end":{"line":89,"column":3}},"line":81},"11":{"name":"(anonymous_11)","decl":{"start":{"line":82,"column":51},"end":{"line":82,"column":52}},"loc":{"start":{"line":82,"column":69},"end":{"line":88,"column":5}},"line":82}},"branchMap":{"0":{"loc":{"start":{"line":20,"column":6},"end":{"line":22,"column":7}},"type":"if","locations":[{"start":{"line":20,"column":6},"end":{"line":22,"column":7}},{"start":{"line":20,"column":6},"end":{"line":22,"column":7}}],"line":20},"1":{"loc":{"start":{"line":83,"column":6},"end":{"line":87,"column":7}},"type":"if","locations":[{"start":{"line":83,"column":6},"end":{"line":87,"column":7}},{"start":{"line":83,"column":6},"end":{"line":87,"column":7}}],"line":83}},"s":{"0":1,"1":0,"2":0,"3":0,"4":0,"5":0,"6":0,"7":0,"8":0,"9":0,"10":0,"11":0,"12":0,"13":0,"14":0,"15":0,"16":0,"17":0,"18":0,"19":0,"20":0,"21":0,"22":0,"23":0,"24":0},"f":{"0":1,"1":0,"2":0,"3":0,"4":0,"5":0,"6":0,"7":0,"8":0,"9":0,"10":0,"11":0},"b":{"0":[0,0],"1":[0,0]},"_coverageSchema":"43e27e138ebf9cfc5966b082cf9a028302ed4184","hash":"9dffac1422beebf8ddcb055128ed44b48df1c69d"}
}
