TN:
SF:/Users/steven.rowney/dev/reaktor/reaktor-algolia/sum.js
FN:1,(anonymous_0)
FNF:1
FNH:1
FNDA:1,(anonymous_0)
DA:1,1
DA:2,1
LF:2
LH:2
BRF:0
BRH:0
end_of_record
TN:
SF:/Users/steven.rowney/dev/reaktor/reaktor-algolia/server/no-meteor/util/getAlgoliaIndex.js
FN:8,getAlgoliaIndex
FNF:1
FNH:0
FNDA:0,getAlgoliaIndex
DA:9,0
DA:10,0
DA:12,0
LF:3
LH:0
BRF:0
BRH:0
end_of_record
TN:
SF:/Users/steven.rowney/dev/reaktor/reaktor-algolia/server/no-meteor/util/getAlgoliaSettings.js
FN:5,getAlgoliaSettings
FNF:1
FNH:1
FNDA:1,getAlgoliaSettings
DA:6,1
DA:7,0
DA:9,0
DA:11,0
LF:4
LH:1
BRDA:9,0,0,0
BRDA:9,0,1,0
BRF:2
BRH:0
end_of_record
TN:
SF:/Users/steven.rowney/dev/reaktor/reaktor-algolia/server/no-meteor/util/updateAlgoliaProduct.js
FN:11,updateAlgoliaProduct
FN:18,(anonymous_1)
FN:19,(anonymous_2)
FN:30,(anonymous_3)
FN:38,(anonymous_4)
FN:53,(anonymous_5)
FN:58,(anonymous_6)
FN:61,(anonymous_7)
FN:71,(anonymous_8)
FN:74,(anonymous_9)
FN:81,(anonymous_10)
FN:82,(anonymous_11)
FNF:12
FNH:1
FNDA:1,updateAlgoliaProduct
FNDA:0,(anonymous_1)
FNDA:0,(anonymous_2)
FNDA:0,(anonymous_3)
FNDA:0,(anonymous_4)
FNDA:0,(anonymous_5)
FNDA:0,(anonymous_6)
FNDA:0,(anonymous_7)
FNDA:0,(anonymous_8)
FNDA:0,(anonymous_9)
FNDA:0,(anonymous_10)
FNDA:0,(anonymous_11)
DA:12,1
DA:13,0
DA:15,0
DA:16,0
DA:18,0
DA:19,0
DA:20,0
DA:21,0
DA:25,0
DA:30,0
DA:31,0
DA:38,0
DA:39,0
DA:53,0
DA:54,0
DA:58,0
DA:61,0
DA:65,0
DA:71,0
DA:74,0
DA:81,0
DA:82,0
DA:83,0
DA:84,0
DA:86,0
LF:25
LH:1
BRDA:20,0,0,0
BRDA:20,0,1,0
BRDA:83,1,0,0
BRDA:83,1,1,0
BRF:4
BRH:0
end_of_record
